[2023-10-25 11:05:15,812] {manager.py:604} INFO - Processing files using up to 2 processes at a time 
[2023-10-25 11:05:15,815] {manager.py:605} INFO - Process each file at most once every 30 seconds
[2023-10-25 11:05:15,816] {manager.py:607} INFO - Checking for new files in /opt/airflow/dags every 300 seconds
[2023-10-25 11:05:15,817] {manager.py:754} INFO - Searching for files in /opt/airflow/dags
[2023-10-25 11:05:15,830] {manager.py:757} INFO - There are 0 files in /opt/airflow/dags
[2023-10-25 11:05:33,242] {manager.py:604} INFO - Processing files using up to 2 processes at a time 
[2023-10-25 11:05:33,244] {manager.py:605} INFO - Process each file at most once every 30 seconds
[2023-10-25 11:05:33,244] {manager.py:607} INFO - Checking for new files in /opt/airflow/dags every 300 seconds
[2023-10-25 11:05:33,245] {manager.py:754} INFO - Searching for files in /opt/airflow/dags
[2023-10-25 11:05:33,254] {manager.py:757} INFO - There are 0 files in /opt/airflow/dags
[2023-10-25 11:05:33,298] {manager.py:1128} INFO - Finding 'running' jobs without a recent heartbeat
[2023-10-25 11:05:33,299] {manager.py:1132} INFO - Failing jobs without heartbeat after 2023-10-25 11:00:33.298988+00:00
[2023-10-25 11:05:43,317] {manager.py:1128} INFO - Finding 'running' jobs without a recent heartbeat
[2023-10-25 11:05:43,318] {manager.py:1132} INFO - Failing jobs without heartbeat after 2023-10-25 11:00:43.318738+00:00
[2023-10-25 11:05:53,347] {manager.py:1128} INFO - Finding 'running' jobs without a recent heartbeat
[2023-10-25 11:05:53,348] {manager.py:1132} INFO - Failing jobs without heartbeat after 2023-10-25 11:00:53.348913+00:00
[2023-10-25 11:06:03,381] {manager.py:1128} INFO - Finding 'running' jobs without a recent heartbeat
[2023-10-25 11:06:03,384] {manager.py:1132} INFO - Failing jobs without heartbeat after 2023-10-25 11:01:03.384216+00:00
[2023-10-25 11:06:13,417] {manager.py:1128} INFO - Finding 'running' jobs without a recent heartbeat
[2023-10-25 11:06:13,418] {manager.py:1132} INFO - Failing jobs without heartbeat after 2023-10-25 11:01:13.418898+00:00
[2023-10-25 11:06:16,951] {manager.py:585} INFO - Exiting gracefully upon receiving signal 15
[2023-10-25 11:07:30,766] {manager.py:604} INFO - Processing files using up to 2 processes at a time 
[2023-10-25 11:07:30,768] {manager.py:605} INFO - Process each file at most once every 30 seconds
[2023-10-25 11:07:30,769] {manager.py:607} INFO - Checking for new files in /opt/airflow/dags every 300 seconds
[2023-10-25 11:07:30,770] {manager.py:754} INFO - Searching for files in /opt/airflow/dags
[2023-10-25 11:07:30,801] {manager.py:757} INFO - There are 1 files in /opt/airflow/dags
[2023-10-25 11:07:30,846] {manager.py:1128} INFO - Finding 'running' jobs without a recent heartbeat
[2023-10-25 11:07:30,849] {manager.py:1132} INFO - Failing jobs without heartbeat after 2023-10-25 11:02:30.849476+00:00
[2023-10-25 11:07:30,882] {manager.py:861} INFO - 
================================================================================
DAG File Processing Stats

File Path                           PID  Runtime      # DAGs    # Errors  Last Runtime    Last Run
--------------------------------  -----  ---------  --------  ----------  --------------  ----------
/opt/airflow/dags/example_dag.py     50  0.04s             0           0
================================================================================
[2023-10-25 11:07:40,931] {manager.py:1128} INFO - Finding 'running' jobs without a recent heartbeat
[2023-10-25 11:07:40,932] {manager.py:1132} INFO - Failing jobs without heartbeat after 2023-10-25 11:02:40.932429+00:00
[2023-10-25 11:07:50,988] {manager.py:1128} INFO - Finding 'running' jobs without a recent heartbeat
[2023-10-25 11:07:50,991] {manager.py:1132} INFO - Failing jobs without heartbeat after 2023-10-25 11:02:50.991692+00:00
[2023-10-25 11:08:01,053] {manager.py:1128} INFO - Finding 'running' jobs without a recent heartbeat
[2023-10-25 11:08:01,054] {manager.py:1132} INFO - Failing jobs without heartbeat after 2023-10-25 11:03:01.054671+00:00
[2023-10-25 11:08:01,064] {manager.py:861} INFO - 
================================================================================
DAG File Processing Stats

File Path                         PID    Runtime      # DAGs    # Errors  Last Runtime    Last Run
--------------------------------  -----  ---------  --------  ----------  --------------  -------------------
/opt/airflow/dags/example_dag.py                           1           0  6.85s           2023-10-25T11:07:37
================================================================================
[2023-10-25 11:08:11,166] {manager.py:1128} INFO - Finding 'running' jobs without a recent heartbeat
[2023-10-25 11:08:11,167] {manager.py:1132} INFO - Failing jobs without heartbeat after 2023-10-25 11:03:11.167267+00:00
[2023-10-25 11:08:21,239] {manager.py:1128} INFO - Finding 'running' jobs without a recent heartbeat
[2023-10-25 11:08:21,240] {manager.py:1132} INFO - Failing jobs without heartbeat after 2023-10-25 11:03:21.240887+00:00
[2023-10-25 11:08:31,318] {manager.py:1128} INFO - Finding 'running' jobs without a recent heartbeat
[2023-10-25 11:08:31,321] {manager.py:1132} INFO - Failing jobs without heartbeat after 2023-10-25 11:03:31.321081+00:00
[2023-10-25 11:08:31,330] {manager.py:861} INFO - 
================================================================================
DAG File Processing Stats

File Path                         PID    Runtime      # DAGs    # Errors  Last Runtime    Last Run
--------------------------------  -----  ---------  --------  ----------  --------------  -------------------
/opt/airflow/dags/example_dag.py                           1           0  0.71s           2023-10-25T11:08:08
================================================================================
[2023-10-25 11:08:41,397] {manager.py:1128} INFO - Finding 'running' jobs without a recent heartbeat
[2023-10-25 11:08:41,398] {manager.py:1132} INFO - Failing jobs without heartbeat after 2023-10-25 11:03:41.398874+00:00
[2023-10-25 11:08:51,468] {manager.py:1128} INFO - Finding 'running' jobs without a recent heartbeat
[2023-10-25 11:08:51,470] {manager.py:1132} INFO - Failing jobs without heartbeat after 2023-10-25 11:03:51.470006+00:00
[2023-10-25 11:09:01,539] {manager.py:1128} INFO - Finding 'running' jobs without a recent heartbeat
[2023-10-25 11:09:01,541] {manager.py:1132} INFO - Failing jobs without heartbeat after 2023-10-25 11:04:01.541078+00:00
[2023-10-25 11:09:01,549] {manager.py:861} INFO - 
================================================================================
DAG File Processing Stats

File Path                         PID    Runtime      # DAGs    # Errors  Last Runtime    Last Run
--------------------------------  -----  ---------  --------  ----------  --------------  -------------------
/opt/airflow/dags/example_dag.py                           1           0  0.69s           2023-10-25T11:08:39
================================================================================
[2023-10-25 11:09:11,653] {manager.py:1128} INFO - Finding 'running' jobs without a recent heartbeat
[2023-10-25 11:09:11,655] {manager.py:1132} INFO - Failing jobs without heartbeat after 2023-10-25 11:04:11.655307+00:00
[2023-10-25 11:09:21,722] {manager.py:1128} INFO - Finding 'running' jobs without a recent heartbeat
[2023-10-25 11:09:21,723] {manager.py:1132} INFO - Failing jobs without heartbeat after 2023-10-25 11:04:21.723382+00:00
