[2023-10-25 11:07:30,894] {processor.py:162} INFO - Started process (PID=50) to work on /opt/airflow/dags/example_dag.py
[2023-10-25 11:07:30,896] {processor.py:613} INFO - Processing file /opt/airflow/dags/example_dag.py for tasks to queue
[2023-10-25 11:07:30,897] {logging_mixin.py:109} INFO - [2023-10-25 11:07:30,897] {dagbag.py:496} INFO - Filling up the DagBag from /opt/airflow/dags/example_dag.py
[2023-10-25 11:07:32,749] {processor.py:623} INFO - DAG(s) dict_keys(['second_dag']) retrieved from /opt/airflow/dags/example_dag.py
[2023-10-25 11:07:37,619] {logging_mixin.py:109} INFO - [2023-10-25 11:07:37,618] {dag.py:1833} INFO - Sync 1 DAGs
[2023-10-25 11:07:37,628] {logging_mixin.py:109} INFO - [2023-10-25 11:07:37,627] {dag.py:1852} INFO - Creating ORM DAG for second_dag
[2023-10-25 11:07:37,634] {logging_mixin.py:109} INFO - [2023-10-25 11:07:37,634] {dag.py:2306} INFO - Setting next_dagrun for second_dag to 2023-10-24 11:07:37.634089+00:00
[2023-10-25 11:07:37,655] {processor.py:170} INFO - Processing /opt/airflow/dags/example_dag.py took 6.764 seconds
[2023-10-25 11:08:07,942] {processor.py:162} INFO - Started process (PID=92) to work on /opt/airflow/dags/example_dag.py
[2023-10-25 11:08:07,945] {processor.py:613} INFO - Processing file /opt/airflow/dags/example_dag.py for tasks to queue
[2023-10-25 11:08:07,947] {logging_mixin.py:109} INFO - [2023-10-25 11:08:07,947] {dagbag.py:496} INFO - Filling up the DagBag from /opt/airflow/dags/example_dag.py
[2023-10-25 11:08:08,506] {processor.py:623} INFO - DAG(s) dict_keys(['second_dag']) retrieved from /opt/airflow/dags/example_dag.py
[2023-10-25 11:08:08,532] {logging_mixin.py:109} INFO - [2023-10-25 11:08:08,532] {dag.py:1833} INFO - Sync 1 DAGs
[2023-10-25 11:08:08,554] {logging_mixin.py:109} INFO - [2023-10-25 11:08:08,554] {dag.py:2306} INFO - Setting next_dagrun for second_dag to 2023-10-24 11:08:08.554384+00:00
[2023-10-25 11:08:08,582] {processor.py:170} INFO - Processing /opt/airflow/dags/example_dag.py took 0.644 seconds
[2023-10-25 11:08:38,821] {processor.py:162} INFO - Started process (PID=132) to work on /opt/airflow/dags/example_dag.py
[2023-10-25 11:08:38,823] {processor.py:613} INFO - Processing file /opt/airflow/dags/example_dag.py for tasks to queue
[2023-10-25 11:08:38,825] {logging_mixin.py:109} INFO - [2023-10-25 11:08:38,824] {dagbag.py:496} INFO - Filling up the DagBag from /opt/airflow/dags/example_dag.py
[2023-10-25 11:08:39,403] {processor.py:623} INFO - DAG(s) dict_keys(['second_dag']) retrieved from /opt/airflow/dags/example_dag.py
[2023-10-25 11:08:39,420] {logging_mixin.py:109} INFO - [2023-10-25 11:08:39,420] {dag.py:1833} INFO - Sync 1 DAGs
[2023-10-25 11:08:39,430] {logging_mixin.py:109} INFO - [2023-10-25 11:08:39,430] {dag.py:2306} INFO - Setting next_dagrun for second_dag to 2023-10-24 11:08:39.430236+00:00
[2023-10-25 11:08:39,441] {processor.py:170} INFO - Processing /opt/airflow/dags/example_dag.py took 0.633 seconds
[2023-10-25 11:09:09,671] {processor.py:162} INFO - Started process (PID=174) to work on /opt/airflow/dags/example_dag.py
[2023-10-25 11:09:09,673] {processor.py:613} INFO - Processing file /opt/airflow/dags/example_dag.py for tasks to queue
[2023-10-25 11:09:09,674] {logging_mixin.py:109} INFO - [2023-10-25 11:09:09,674] {dagbag.py:496} INFO - Filling up the DagBag from /opt/airflow/dags/example_dag.py
[2023-10-25 11:09:10,176] {processor.py:623} INFO - DAG(s) dict_keys(['second_dag']) retrieved from /opt/airflow/dags/example_dag.py
[2023-10-25 11:09:10,205] {logging_mixin.py:109} INFO - [2023-10-25 11:09:10,205] {dag.py:1833} INFO - Sync 1 DAGs
[2023-10-25 11:09:10,215] {logging_mixin.py:109} INFO - [2023-10-25 11:09:10,215] {dag.py:2306} INFO - Setting next_dagrun for second_dag to 2023-10-24 11:09:10.215410+00:00
[2023-10-25 11:09:10,229] {processor.py:170} INFO - Processing /opt/airflow/dags/example_dag.py took 0.561 seconds
